2018-06-29 21:24:37.458  INFO 4844 --- [main] c.b.o.s.SeriesServiceApplicationTests    : Starting SeriesServiceApplicationTests on jim_8-PC with PID 4844 (started by jim_8 in C:\workspace\otr-services-series-data-spring)
2018-06-29 21:24:37.458  INFO 4844 --- [main] c.b.o.s.SeriesServiceApplicationTests    : The following profiles are active: dev
2018-06-29 21:24:37.468  INFO 4844 --- [main] ConfigServletWebServerApplicationContext : Refreshing org.springframework.boot.web.servlet.context.AnnotationConfigServletWebServerApplicationContext@21be3395: startup date [Fri Jun 29 21:24:37 EDT 2018]; root of context hierarchy
2018-06-29 21:24:38.758  INFO 4844 --- [main] trationDelegate$BeanPostProcessorChecker : Bean 'org.springframework.transaction.annotation.ProxyTransactionManagementConfiguration' of type [org.springframework.transaction.annotation.ProxyTransactionManagementConfiguration$$EnhancerBySpringCGLIB$$df3282d2] is not eligible for getting processed by all BeanPostProcessors (for example: not eligible for auto-proxying)
2018-06-29 21:24:39.232  INFO 4844 --- [main] o.s.b.w.embedded.tomcat.TomcatWebServer  : Tomcat initialized with port(s): 0 (http)
2018-06-29 21:24:39.262  INFO 4844 --- [main] o.apache.catalina.core.StandardService   : Starting service [Tomcat]
2018-06-29 21:24:39.262  INFO 4844 --- [main] org.apache.catalina.core.StandardEngine  : Starting Servlet Engine: Apache Tomcat/8.5.31
2018-06-29 21:24:39.272  INFO 4844 --- [localhost-startStop-1] o.a.catalina.core.AprLifecycleListener   : The APR based Apache Tomcat Native library which allows optimal performance in production environments was not found on the java.library.path: [C:\Program Files\Java\jdk1.8.0_92\jre\bin;C:\Windows\Sun\Java\bin;C:\Windows\system32;C:\Windows;C:/Program Files/Java/jdk1.8.0_92/bin/../jre/bin/server;C:/Program Files/Java/jdk1.8.0_92/bin/../jre/bin;C:/Program Files/Java/jdk1.8.0_92/bin/../jre/lib/amd64;C:\Program Files\Java\jdk1.8.0_92\bin;C:\Program Files\curl-7.60.0-win64-mingw\bin;C:\ProgramData\Oracle\Java\javapath;C:\Program Files (x86)\Intel\iCLS Client\;C:\Program Files\Intel\iCLS Client\;C:\Program Files\Common Files\Microsoft Shared\Windows Live;C:\Program Files (x86)\Common Files\Microsoft Shared\Windows Live;C:\Windows\system32;C:\Windows;C:\Windows\System32\Wbem;C:\Windows\System32\WindowsPowerShell\v1.0\;C:\Program Files (x86)\Windows Live\Shared;C:\Program Files (x86)\Intel\OpenCL SDK\3.0\bin\x86;C:\Program Files (x86)\Intel\OpenCL SDK\3.0\bin\x64;C:\Program Files\Intel\Intel(R) Management Engine Components\DAL;C:\Program Files\Intel\Intel(R) Management Engine Components\IPT;C:\Program Files (x86)\Intel\Intel(R) Management Engine Components\DAL;C:\Program Files (x86)\Intel\Intel(R) Management Engine Components\IPT;C:\Program Files (x86)\MySQL\MySQL Fabric 1.5.4 & MySQL Utilities 1.5.4 1.5\;C:\Program Files (x86)\MySQL\MySQL Fabric 1.5.4 & MySQL Utilities 1.5.4 1.5\Doctrine extensions for PHP\;C:\Program Files\nodejs\;C:\Users\jim_8\AppData\Roaming\npm;C:\Windows\system32;;.]
2018-06-29 21:24:39.372  INFO 4844 --- [localhost-startStop-1] o.a.c.c.C.[Tomcat].[localhost].[/]       : Initializing Spring embedded WebApplicationContext
2018-06-29 21:24:39.372  INFO 4844 --- [localhost-startStop-1] o.s.web.context.ContextLoader            : Root WebApplicationContext: initialization completed in 1904 ms
2018-06-29 21:24:39.782  INFO 4844 --- [localhost-startStop-1] com.zaxxer.hikari.HikariDataSource       : HikariPool-1 - Starting...
2018-06-29 21:24:40.043  INFO 4844 --- [localhost-startStop-1] com.zaxxer.hikari.HikariDataSource       : HikariPool-1 - Start completed.
2018-06-29 21:24:40.103  INFO 4844 --- [localhost-startStop-1] j.LocalContainerEntityManagerFactoryBean : Building JPA container EntityManagerFactory for persistence unit 'default'
2018-06-29 21:24:40.123  INFO 4844 --- [localhost-startStop-1] o.hibernate.jpa.internal.util.LogHelper  : HHH000204: Processing PersistenceUnitInfo [
	name: default
	...]
2018-06-29 21:24:40.259  INFO 4844 --- [localhost-startStop-1] org.hibernate.Version                    : HHH000412: Hibernate Core {5.2.17.Final}
2018-06-29 21:24:40.261  INFO 4844 --- [localhost-startStop-1] org.hibernate.cfg.Environment            : HHH000206: hibernate.properties not found
2018-06-29 21:24:40.295  INFO 4844 --- [localhost-startStop-1] o.hibernate.annotations.common.Version   : HCANN000001: Hibernate Commons Annotations {5.0.1.Final}
2018-06-29 21:24:40.445  INFO 4844 --- [localhost-startStop-1] org.hibernate.dialect.Dialect            : HHH000400: Using dialect: org.hibernate.dialect.MySQL5InnoDBDialect
2018-06-29 21:24:40.925  INFO 4844 --- [localhost-startStop-1] j.LocalContainerEntityManagerFactoryBean : Initialized JPA EntityManagerFactory for persistence unit 'default'
2018-06-29 21:24:41.436  INFO 4844 --- [localhost-startStop-1] o.s.b.w.servlet.ServletRegistrationBean  : Servlet dispatcherServlet mapped to [/]
2018-06-29 21:24:41.446  INFO 4844 --- [localhost-startStop-1] o.s.b.w.servlet.ServletRegistrationBean  : Servlet com.blastfurnace.otr.servlet.AudioPingServlet mapped to [/ping]
2018-06-29 21:24:41.446  INFO 4844 --- [localhost-startStop-1] o.s.b.w.servlet.ServletRegistrationBean  : Servlet com.blastfurnace.otr.servlet.LogServlet mapped to [/log]
2018-06-29 21:24:41.446  INFO 4844 --- [localhost-startStop-1] o.s.b.w.servlet.FilterRegistrationBean   : Mapping filter: 'characterEncodingFilter' to: [/*]
2018-06-29 21:24:41.446  INFO 4844 --- [localhost-startStop-1] o.s.b.w.servlet.FilterRegistrationBean   : Mapping filter: 'hiddenHttpMethodFilter' to: [/*]
2018-06-29 21:24:41.446  INFO 4844 --- [localhost-startStop-1] o.s.b.w.servlet.FilterRegistrationBean   : Mapping filter: 'httpPutFormContentFilter' to: [/*]
2018-06-29 21:24:41.446  INFO 4844 --- [localhost-startStop-1] o.s.b.w.servlet.FilterRegistrationBean   : Mapping filter: 'requestContextFilter' to: [/*]
2018-06-29 21:24:41.446  INFO 4844 --- [localhost-startStop-1] o.s.b.w.servlet.FilterRegistrationBean   : Mapping filter: 'httpTraceFilter' to: [/*]
2018-06-29 21:24:41.446  INFO 4844 --- [localhost-startStop-1] o.s.b.w.servlet.FilterRegistrationBean   : Mapping filter: 'webMvcMetricsFilter' to: [/*]
2018-06-29 21:24:41.576  INFO 4844 --- [main] o.s.w.s.handler.SimpleUrlHandlerMapping  : Mapped URL path [/**/favicon.ico] onto handler of type [class org.springframework.web.servlet.resource.ResourceHttpRequestHandler]
2018-06-29 21:24:41.876  INFO 4844 --- [main] s.w.s.m.m.a.RequestMappingHandlerAdapter : Looking for @ControllerAdvice: org.springframework.boot.web.servlet.context.AnnotationConfigServletWebServerApplicationContext@21be3395: startup date [Fri Jun 29 21:24:37 EDT 2018]; root of context hierarchy
2018-06-29 21:24:41.916  WARN 4844 --- [main] aWebConfiguration$JpaWebMvcConfiguration : spring.jpa.open-in-view is enabled by default. Therefore, database queries may be performed during view rendering. Explicitly configure spring.jpa.open-in-view to disable this warning
2018-06-29 21:24:41.956  INFO 4844 --- [main] s.w.s.m.m.a.RequestMappingHandlerMapping : Mapped "{[/rest/get/{id:[\d]+}],methods=[GET]}" onto public org.springframework.http.ResponseEntity<com.blastfurnace.otr.service.response.GenericResponse<com.blastfurnace.otr.data.series.service.model.SeriesDataWrapper>> com.blastfurnace.otr.series.rest.SeriesDataRestController.get(long)
2018-06-29 21:24:41.956  INFO 4844 --- [main] s.w.s.m.m.a.RequestMappingHandlerMapping : Mapped "{[/rest/delete/{id:[\d]+}],methods=[DELETE]}" onto public org.springframework.http.ResponseEntity<com.blastfurnace.otr.service.response.GenericResponse<java.lang.String>> com.blastfurnace.otr.series.rest.SeriesDataRestController.delete(long)
2018-06-29 21:24:41.956  INFO 4844 --- [main] s.w.s.m.m.a.RequestMappingHandlerMapping : Mapped "{[/rest],methods=[POST]}" onto public org.springframework.http.ResponseEntity<com.blastfurnace.otr.service.response.GenericResponse<com.blastfurnace.otr.data.series.service.model.SeriesDataWrapper>> com.blastfurnace.otr.series.rest.SeriesDataRestController.save(com.blastfurnace.otr.data.series.service.model.SeriesDataWrapper)
2018-06-29 21:24:41.956  INFO 4844 --- [main] s.w.s.m.m.a.RequestMappingHandlerMapping : Mapped "{[/rest],methods=[GET]}" onto public org.springframework.http.ResponseEntity<java.util.List<com.blastfurnace.otr.service.response.GenericResponse<java.util.List<java.util.Map<java.lang.String, java.lang.Object>>>>> com.blastfurnace.otr.series.rest.SeriesDataRestController.query(java.util.Map<java.lang.String, java.lang.String>)
2018-06-29 21:24:41.956  INFO 4844 --- [main] s.w.s.m.m.a.RequestMappingHandlerMapping : Mapped "{[/rest/resultsCount],methods=[GET]}" onto public org.springframework.http.ResponseEntity<com.blastfurnace.otr.service.response.GenericResponse<java.lang.Long>> com.blastfurnace.otr.series.rest.SeriesDataRestController.getResultsCount(java.util.Map<java.lang.String, java.lang.String>)
2018-06-29 21:24:41.956  INFO 4844 --- [main] s.w.s.m.m.a.RequestMappingHandlerMapping : Mapped "{[/error]}" onto public org.springframework.http.ResponseEntity<java.util.Map<java.lang.String, java.lang.Object>> org.springframework.boot.autoconfigure.web.servlet.error.BasicErrorController.error(javax.servlet.http.HttpServletRequest)
2018-06-29 21:24:41.956  INFO 4844 --- [main] s.w.s.m.m.a.RequestMappingHandlerMapping : Mapped "{[/error],produces=[text/html]}" onto public org.springframework.web.servlet.ModelAndView org.springframework.boot.autoconfigure.web.servlet.error.BasicErrorController.errorHtml(javax.servlet.http.HttpServletRequest,javax.servlet.http.HttpServletResponse)
2018-06-29 21:24:41.997  INFO 4844 --- [main] o.s.w.s.handler.SimpleUrlHandlerMapping  : Mapped URL path [/webjars/**] onto handler of type [class org.springframework.web.servlet.resource.ResourceHttpRequestHandler]
2018-06-29 21:24:41.997  INFO 4844 --- [main] o.s.w.s.handler.SimpleUrlHandlerMapping  : Mapped URL path [/**] onto handler of type [class org.springframework.web.servlet.resource.ResourceHttpRequestHandler]
2018-06-29 21:24:43.049  INFO 4844 --- [main] ConfigServletWebServerApplicationContext : Refreshing org.springframework.boot.web.servlet.context.AnnotationConfigServletWebServerApplicationContext@43984213: startup date [Fri Jun 29 21:24:43 EDT 2018]; parent: org.springframework.boot.web.servlet.context.AnnotationConfigServletWebServerApplicationContext@21be3395
2018-06-29 21:24:43.099  INFO 4844 --- [main] o.s.b.f.s.DefaultListableBeanFactory     : Overriding bean definition for bean 'handlerExceptionResolver' with a different definition: replacing [Root bean: class [null]; scope=; abstract=false; lazyInit=false; autowireMode=3; dependencyCheck=0; autowireCandidate=true; primary=false; factoryBeanName=org.springframework.web.servlet.config.annotation.DelegatingWebMvcConfiguration; factoryMethodName=handlerExceptionResolver; initMethodName=null; destroyMethodName=(inferred); defined in class path resource [org/springframework/web/servlet/config/annotation/DelegatingWebMvcConfiguration.class]] with [Root bean: class [null]; scope=; abstract=false; lazyInit=false; autowireMode=3; dependencyCheck=0; autowireCandidate=true; primary=false; factoryBeanName=org.springframework.boot.actuate.autoconfigure.web.servlet.WebMvcEndpointChildContextConfiguration; factoryMethodName=compositeHandlerExceptionResolver; initMethodName=null; destroyMethodName=(inferred); defined in class path resource [org/springframework/boot/actuate/autoconfigure/web/servlet/WebMvcEndpointChildContextConfiguration.class]]
2018-06-29 21:24:43.139  INFO 4844 --- [main] o.s.b.w.embedded.tomcat.TomcatWebServer  : Tomcat initialized with port(s): 9001 (http)
2018-06-29 21:24:43.139  INFO 4844 --- [main] o.apache.catalina.core.StandardService   : Starting service [Tomcat]
2018-06-29 21:24:43.139  INFO 4844 --- [main] org.apache.catalina.core.StandardEngine  : Starting Servlet Engine: Apache Tomcat/8.5.31
2018-06-29 21:24:43.149  INFO 4844 --- [localhost-startStop-1] o.a.c.c.C.[Tomcat-1].[localhost].[/]     : Initializing Spring embedded WebApplicationContext
2018-06-29 21:24:43.149  INFO 4844 --- [localhost-startStop-1] o.s.web.context.ContextLoader            : Root WebApplicationContext: initialization completed in 100 ms
2018-06-29 21:24:43.170  INFO 4844 --- [localhost-startStop-1] o.s.b.w.servlet.ServletRegistrationBean  : Servlet dispatcherServlet mapped to [/]
2018-06-29 21:24:43.190  INFO 4844 --- [main] o.s.b.a.e.web.EndpointLinksResolver      : Exposing 2 endpoint(s) beneath base path '/actuator'
2018-06-29 21:24:43.210  INFO 4844 --- [main] s.b.a.e.w.s.WebMvcEndpointHandlerMapping : Mapped "{[/actuator/health],methods=[GET],produces=[application/vnd.spring-boot.actuator.v2+json || application/json]}" onto public java.lang.Object org.springframework.boot.actuate.endpoint.web.servlet.AbstractWebMvcEndpointHandlerMapping$OperationHandler.handle(javax.servlet.http.HttpServletRequest,java.util.Map<java.lang.String, java.lang.String>)
2018-06-29 21:24:43.210  INFO 4844 --- [main] s.b.a.e.w.s.WebMvcEndpointHandlerMapping : Mapped "{[/actuator/info],methods=[GET],produces=[application/vnd.spring-boot.actuator.v2+json || application/json]}" onto public java.lang.Object org.springframework.boot.actuate.endpoint.web.servlet.AbstractWebMvcEndpointHandlerMapping$OperationHandler.handle(javax.servlet.http.HttpServletRequest,java.util.Map<java.lang.String, java.lang.String>)
2018-06-29 21:24:43.210  INFO 4844 --- [main] s.b.a.e.w.s.WebMvcEndpointHandlerMapping : Mapped "{[/actuator],methods=[GET],produces=[application/vnd.spring-boot.actuator.v2+json || application/json]}" onto protected java.util.Map<java.lang.String, java.util.Map<java.lang.String, org.springframework.boot.actuate.endpoint.web.Link>> org.springframework.boot.actuate.endpoint.web.servlet.WebMvcEndpointHandlerMapping.links(javax.servlet.http.HttpServletRequest,javax.servlet.http.HttpServletResponse)
2018-06-29 21:24:43.240  INFO 4844 --- [main] s.w.s.m.m.a.RequestMappingHandlerMapping : Mapped "{[/error]}" onto public java.util.Map<java.lang.String, java.lang.Object> org.springframework.boot.actuate.autoconfigure.web.servlet.ManagementErrorEndpoint.invoke(org.springframework.web.context.request.ServletWebRequest)
2018-06-29 21:24:43.250  INFO 4844 --- [main] o.s.w.s.handler.SimpleUrlHandlerMapping  : Mapped URL path [/webjars/**] onto handler of type [class org.springframework.web.servlet.resource.ResourceHttpRequestHandler]
2018-06-29 21:24:43.250  INFO 4844 --- [main] o.s.w.s.handler.SimpleUrlHandlerMapping  : Mapped URL path [/**] onto handler of type [class org.springframework.web.servlet.resource.ResourceHttpRequestHandler]
2018-06-29 21:24:43.270  INFO 4844 --- [main] s.w.s.m.m.a.RequestMappingHandlerAdapter : Looking for @ControllerAdvice: org.springframework.boot.web.servlet.context.AnnotationConfigServletWebServerApplicationContext@43984213: startup date [Fri Jun 29 21:24:43 EDT 2018]; parent: org.springframework.boot.web.servlet.context.AnnotationConfigServletWebServerApplicationContext@21be3395
2018-06-29 21:24:43.320  INFO 4844 --- [main] o.s.b.w.embedded.tomcat.TomcatWebServer  : Tomcat started on port(s): 9001 (http) with context path ''
2018-06-29 21:24:43.330  INFO 4844 --- [main] o.s.b.w.embedded.tomcat.TomcatWebServer  : Tomcat started on port(s): 64207 (http) with context path ''
2018-06-29 21:24:43.330  INFO 4844 --- [main] c.b.o.s.SeriesServiceApplicationTests    : Started SeriesServiceApplicationTests in 6.132 seconds (JVM running for 6.803)
2018-06-29 21:24:43.510  INFO 4844 --- [http-nio-127.0.0.1-9001-exec-1] o.a.c.c.C.[Tomcat-1].[localhost].[/]     : Initializing Spring FrameworkServlet 'dispatcherServlet'
2018-06-29 21:24:43.510  INFO 4844 --- [http-nio-127.0.0.1-9001-exec-1] o.s.web.servlet.DispatcherServlet        : FrameworkServlet 'dispatcherServlet': initialization started
2018-06-29 21:24:43.520  INFO 4844 --- [http-nio-127.0.0.1-9001-exec-1] o.s.web.servlet.DispatcherServlet        : FrameworkServlet 'dispatcherServlet': initialization completed in 10 ms
2018-06-29 21:24:43.660  INFO 4844 --- [http-nio-auto-1-exec-1] o.a.c.c.C.[Tomcat].[localhost].[/]       : Initializing Spring FrameworkServlet 'dispatcherServlet'
2018-06-29 21:24:43.660  INFO 4844 --- [http-nio-auto-1-exec-1] o.s.web.servlet.DispatcherServlet        : FrameworkServlet 'dispatcherServlet': initialization started
2018-06-29 21:24:43.670  INFO 4844 --- [http-nio-auto-1-exec-1] o.s.web.servlet.DispatcherServlet        : FrameworkServlet 'dispatcherServlet': initialization completed in 10 ms
2018-06-29 21:24:43.710 DEBUG 4844 --- [http-nio-auto-1-exec-1] org.hibernate.SQL                        : select series0_.id as id1_0_0_, series0_.broadcast_over as broadcas2_0_0_, series0_.country as country3_0_0_, series0_.episode_count as episode_4_0_0_, series0_.genre as genre5_0_0_, series0_.indexed as indexed6_0_0_, series0_.last_update as last_upd7_0_0_, series0_.log_file as log_file8_0_0_, series0_.program_length as program_9_0_0_, series0_.run_dates as run_dat10_0_0_, series0_.search_title as search_11_0_0_, series0_.title as title12_0_0_ from series series0_ where series0_.id=?
2018-06-29 21:24:43.780  INFO 4844 --- [http-nio-auto-1-exec-1] o.h.h.i.QueryTranslatorFactoryInitiator  : HHH000397: Using ASTQueryTranslatorFactory
2018-06-29 21:24:43.900 DEBUG 4844 --- [http-nio-auto-1-exec-1] org.hibernate.SQL                        : select seriessumm0_.id as id1_2_, seriessumm0_.series_id as series_i2_2_, seriessumm0_.summary as summary3_2_ from series_summary seriessumm0_ where seriessumm0_.series_id=?
2018-06-29 21:24:43.910 DEBUG 4844 --- [http-nio-auto-1-exec-1] org.hibernate.SQL                        : select seriesalia0_.id as id1_1_, seriesalia0_.alias as alias2_1_, seriesalia0_.series_id as series_i3_1_ from series_alias seriesalia0_ where seriesalia0_.series_id=?
2018-06-29 21:24:43.990 DEBUG 4844 --- [http-nio-auto-1-exec-2] org.hibernate.SQL                        : select series0_.id as id1_0_0_, series0_.broadcast_over as broadcas2_0_0_, series0_.country as country3_0_0_, series0_.episode_count as episode_4_0_0_, series0_.genre as genre5_0_0_, series0_.indexed as indexed6_0_0_, series0_.last_update as last_upd7_0_0_, series0_.log_file as log_file8_0_0_, series0_.program_length as program_9_0_0_, series0_.run_dates as run_dat10_0_0_, series0_.search_title as search_11_0_0_, series0_.title as title12_0_0_ from series series0_ where series0_.id=?
2018-06-29 21:24:43.990 DEBUG 4844 --- [http-nio-auto-1-exec-2] org.hibernate.SQL                        : select seriessumm0_.id as id1_2_, seriessumm0_.series_id as series_i2_2_, seriessumm0_.summary as summary3_2_ from series_summary seriessumm0_ where seriessumm0_.series_id=?
2018-06-29 21:24:43.990 DEBUG 4844 --- [http-nio-auto-1-exec-2] org.hibernate.SQL                        : select seriesalia0_.id as id1_1_, seriesalia0_.alias as alias2_1_, seriesalia0_.series_id as series_i3_1_ from series_alias seriesalia0_ where seriesalia0_.series_id=?
2018-06-29 21:24:44.020 DEBUG 4844 --- [http-nio-auto-1-exec-3] org.hibernate.SQL                        : select series0_.id as id1_0_0_, series0_.broadcast_over as broadcas2_0_0_, series0_.country as country3_0_0_, series0_.episode_count as episode_4_0_0_, series0_.genre as genre5_0_0_, series0_.indexed as indexed6_0_0_, series0_.last_update as last_upd7_0_0_, series0_.log_file as log_file8_0_0_, series0_.program_length as program_9_0_0_, series0_.run_dates as run_dat10_0_0_, series0_.search_title as search_11_0_0_, series0_.title as title12_0_0_ from series series0_ where series0_.id=?
2018-06-29 21:24:44.020 DEBUG 4844 --- [http-nio-auto-1-exec-3] org.hibernate.SQL                        : select seriessumm0_.id as id1_2_, seriessumm0_.series_id as series_i2_2_, seriessumm0_.summary as summary3_2_ from series_summary seriessumm0_ where seriessumm0_.series_id=?
2018-06-29 21:24:44.020 DEBUG 4844 --- [http-nio-auto-1-exec-3] org.hibernate.SQL                        : select seriesalia0_.id as id1_1_, seriesalia0_.alias as alias2_1_, seriesalia0_.series_id as series_i3_1_ from series_alias seriesalia0_ where seriesalia0_.series_id=?
2018-06-29 21:24:44.070  INFO 4844 --- [Thread-6] ConfigServletWebServerApplicationContext : Closing org.springframework.boot.web.servlet.context.AnnotationConfigServletWebServerApplicationContext@21be3395: startup date [Fri Jun 29 21:24:37 EDT 2018]; root of context hierarchy
2018-06-29 21:24:44.070  INFO 4844 --- [Thread-6] ConfigServletWebServerApplicationContext : Closing org.springframework.boot.web.servlet.context.AnnotationConfigServletWebServerApplicationContext@43984213: startup date [Fri Jun 29 21:24:43 EDT 2018]; parent: org.springframework.boot.web.servlet.context.AnnotationConfigServletWebServerApplicationContext@21be3395
2018-06-29 21:24:44.130  INFO 4844 --- [Thread-6] j.LocalContainerEntityManagerFactoryBean : Closing JPA EntityManagerFactory for persistence unit 'default'
2018-06-29 21:24:44.130  INFO 4844 --- [Thread-6] com.zaxxer.hikari.HikariDataSource       : HikariPool-1 - Shutdown initiated...
2018-06-29 21:24:44.130  INFO 4844 --- [Thread-6] com.zaxxer.hikari.HikariDataSource       : HikariPool-1 - Shutdown completed.
